<?xml version="1.0" encoding="UTF-8"?>
<testng-results skipped="0" failed="0" ignored="0" total="2" passed="2">
  <reporter-output>
  </reporter-output>
  <suite name="Suite" duration-ms="49175" started-at="2020-01-14T09:09:43Z" finished-at="2020-01-14T09:10:32Z">
    <groups>
    </groups>
    <test name="Test" duration-ms="49175" started-at="2020-01-14T09:09:43Z" finished-at="2020-01-14T09:10:32Z">
      <class name="org.tk.LaunchAmazon">
        <test-method status="PASS" signature="launching()[pri:0, instance:org.tk.LaunchAmazon@1b083826]" name="launching" is-config="true" duration-ms="18128" started-at="2020-01-14T09:10:02Z" finished-at="2020-01-14T09:10:20Z">
          <reporter-output>
          </reporter-output>
        </test-method> <!-- launching -->
        <test-method status="PASS" signature="startTime()[pri:0, instance:org.tk.LaunchAmazon@1b083826]" name="startTime" is-config="true" duration-ms="1" started-at="2020-01-14T09:10:20Z" finished-at="2020-01-14T09:10:20Z">
          <reporter-output>
          </reporter-output>
        </test-method> <!-- startTime -->
        <test-method status="PASS" signature="m2()[pri:0, instance:org.tk.LaunchAmazon@1b083826]" name="m2" duration-ms="11360" started-at="2020-01-14T09:10:20Z" finished-at="2020-01-14T09:10:31Z">
          <reporter-output>
          </reporter-output>
        </test-method> <!-- m2 -->
        <test-method status="PASS" signature="endTime()[pri:0, instance:org.tk.LaunchAmazon@1b083826]" name="endTime" is-config="true" duration-ms="0" started-at="2020-01-14T09:10:31Z" finished-at="2020-01-14T09:10:31Z">
          <reporter-output>
          </reporter-output>
        </test-method> <!-- endTime -->
        <test-method status="PASS" signature="EndBrowser()[pri:0, instance:org.tk.LaunchAmazon@1b083826]" name="EndBrowser" is-config="true" duration-ms="788" started-at="2020-01-14T09:10:31Z" finished-at="2020-01-14T09:10:32Z">
          <reporter-output>
          </reporter-output>
        </test-method> <!-- EndBrowser -->
      </class> <!-- org.tk.LaunchAmazon -->
      <class name="org.tk.Launch">
        <test-method status="PASS" signature="launchBrowser()[pri:0, instance:org.tk.Launch@40e6dfe1]" name="launchBrowser" is-config="true" duration-ms="12072" started-at="2020-01-14T09:09:43Z" finished-at="2020-01-14T09:09:55Z">
          <reporter-output>
          </reporter-output>
        </test-method> <!-- launchBrowser -->
        <test-method status="PASS" signature="startTime()[pri:0, instance:org.tk.Launch@40e6dfe1]" name="startTime" is-config="true" duration-ms="6" started-at="2020-01-14T09:09:55Z" finished-at="2020-01-14T09:09:55Z">
          <reporter-output>
          </reporter-output>
        </test-method> <!-- startTime -->
        <test-method status="PASS" signature="m1()[pri:0, instance:org.tk.Launch@40e6dfe1]" name="m1" duration-ms="6106" started-at="2020-01-14T09:09:55Z" finished-at="2020-01-14T09:10:01Z">
          <reporter-output>
          </reporter-output>
        </test-method> <!-- m1 -->
        <test-method status="PASS" signature="endTime()[pri:0, instance:org.tk.Launch@40e6dfe1]" name="endTime" is-config="true" duration-ms="0" started-at="2020-01-14T09:10:01Z" finished-at="2020-01-14T09:10:01Z">
          <reporter-output>
          </reporter-output>
        </test-method> <!-- endTime -->
        <test-method status="PASS" signature="closeBrowser()[pri:0, instance:org.tk.Launch@40e6dfe1]" name="closeBrowser" is-config="true" duration-ms="672" started-at="2020-01-14T09:10:01Z" finished-at="2020-01-14T09:10:02Z">
          <reporter-output>
          </reporter-output>
        </test-method> <!-- closeBrowser -->
      </class> <!-- org.tk.Launch -->
    </test> <!-- Test -->
  </suite> <!-- Suite -->
</testng-results>
